<?xml version="1.0" encoding="UTF-8"?>
<!-- Generated by org.testng.reporters.JUnitReportReporter -->
<testsuite skipped="0" hostname="ASDP1534PO01976" name="Test.TestWebSite" tests="1" failures="0" timestamp="09 Jul 2018 08:10:55 GMT" time="0.202" errors="0">
  <testcase name="Click_On_Broken_Images_Link" time="0.202" classname="Test.TestWebSite"/>
</testsuite> <!-- Test.TestWebSite -->
